Removed Pin From Net: NetName=OS_IN Pin=C5-2
Removed Pin From Net: NetName=OS_OUT Pin=C6-2
Removed Pin From Net: NetName=STA_LED Pin=D1-1
Removed Pin From Net: NetName=LED1 Pin=D1-2
Removed Pin From Net: NetName=LED_PWR Pin=D2-2
Removed Pin From Net: NetName=3.3V Pin=D4-1
Removed Pin From Net: NetName=LED2 Pin=D4-2
Removed Pin From Net: NetName=3.3V Pin=D5-1
Removed Pin From Net: NetName=RX_LED_N Pin=D5-2
Removed Pin From Net: NetName=SWO0 Pin=PZ0-1
Removed Pin From Net: NetName=T_JTMS Pin=PZ0-2
Removed Pin From Net: NetName=USB_P Pin=PZ0-3
Removed Pin From Net: NetName=USB_N Pin=PZ0-4
Removed Pin From Net: NetName=USB_N_MCU Pin=PZ0-5
Removed Pin From Net: NetName=USB_P_MCU Pin=PZ0-6
Removed Pin From Net: NetName=T_SWDIO_IN Pin=PZ0-7
Removed Pin From Net: NetName=3.3V Pin=PZ0-8
Removed Pin From Net: NetName=STA_LED Pin=PZ1-1
Removed Pin From Net: NetName=T_JTCK Pin=PZ1-2
Removed Pin From Net: NetName=T_NRST Pin=PZ1-3
Removed Pin From Net: NetName=GND Pin=PZ1-4
Removed Pin From Net: NetName=LED1 Pin=PZ1-5
Removed Pin From Net: NetName=P_NRST Pin=PZ1-6
Removed Pin From Net: NetName=P_SWCLK Pin=PZ1-7
Removed Pin From Net: NetName=LED2 Pin=PZ1-8
Removed Pin From Net: NetName=WKUP Pin=PZ2-1
Removed Pin From Net: NetName=WKUP Pin=PZ2-2
Removed Pin From Net: NetName=T_JTMS Pin=PZ2-3
Removed Pin From Net: NetName=T_SWO Pin=PZ2-4
Removed Pin From Net: NetName=P_SWO Pin=PZ2-5
Removed Pin From Net: NetName=P_SWDIO Pin=PZ2-6
Removed Pin From Net: NetName=3.3V Pin=PZ2-7
Removed Pin From Net: NetName=GND Pin=PZ2-8
Removed Pin From Net: NetName=T_TXD Pin=PZ3-1
Removed Pin From Net: NetName=T_MOSI Pin=PZ3-2
Removed Pin From Net: NetName=T_RXD Pin=PZ3-3
Removed Pin From Net: NetName=GND Pin=PZ3-4
Removed Pin From Net: NetName=LED_PWR Pin=PZ3-5
Removed Pin From Net: NetName=P_RXD Pin=PZ3-6
Removed Pin From Net: NetName=P_MOSI Pin=PZ3-7
Removed Pin From Net: NetName=P_TXD Pin=PZ3-8
Removed Pin From Net: NetName=GND Pin=PZ4-1
Removed Pin From Net: NetName=TX_LED_P Pin=PZ4-2
Removed Pin From Net: NetName=BOOT0 Pin=PZ4-3
Removed Pin From Net: NetName=RX_LED_P Pin=PZ4-4
Removed Pin From Net: NetName=RX_LED_N Pin=PZ4-5
Removed Pin From Net: NetName=GND Pin=PZ4-6
Removed Pin From Net: NetName=TX_LED_N Pin=PZ4-7
Removed Pin From Net: NetName=GND Pin=PZ4-8
Removed Pin From Net: NetName=OS_IN Pin=U2-5
Removed Pin From Net: NetName=OS_OUT Pin=U2-6
Removed Pin From Net: NetName=WKUP Pin=U2-10
Removed Pin From Net: NetName=USB_N_MCU Pin=U2-32
Removed Pin From Net: NetName=USB_P_MCU Pin=U2-33
Removed Pin From Net: NetName=TX_LED_P Pin=U2-45
Removed Pin From Net: NetName=RX_LED_P Pin=U2-46
Removed Pin From Net: NetName=OS_OUT Pin=Y1-1
Removed Member From Class: ClassName=ST-Link-V2.2 Member=D5
Removed Member From Class: ClassName=ST-Link-V2.2 Member=PZ0
Removed Member From Class: ClassName=ST-Link-V2.2 Member=PZ1
Removed Member From Class: ClassName=ST-Link-V2.2 Member=PZ2
Removed Member From Class: ClassName=ST-Link-V2.2 Member=PZ3
Removed Member From Class: ClassName=ST-Link-V2.2 Member=PZ4
Change Component DesignItemId : Designator=D1 Old DesignItemId=LED New DesignItemId=LED2
Change Component DesignItemId : Designator=D4 Old DesignItemId=LED New DesignItemId=LED2
Change Component Footprint: Designator=P2 Old Footprint=HEADER_5 New Footprint=HEADER 5
Change Component Footprint: Designator=P3 Old Footprint=HEADER_5 New Footprint=HEADER 5
Change Component Comment : Designator=P2 Old Comment=Header 5 New Comment=P-BOTTOM
Change Component Comment : Designator=P3 Old Comment=Header 5 New Comment=P-TOP
Change Component Comment : Designator=P1 Old Comment=Header 5 New Comment=SWD
Change Component Comment : Designator=D2 Old Comment=LED2 New Comment=DOUT
Change Component Comment : Designator=D3 Old Comment=LED2 New Comment=LED
Change Component Comment : Designator=D1 Old Comment=LED New Comment=DIN
Change Component Description : Designator=Y1 Old Description= New Description=Crystal Oscillator
Change Component Description : Designator=D1 Old Description=LED ·¢? New Description=Typical RED, GREEN, YELLOW, AMBER GaAs LED
Change Component Description : Designator=D4 Old Description=LED ·¢? New Description=Typical RED, GREEN, YELLOW, AMBER GaAs LED
Change Component Description : Designator=J1 Old Description=USB½Ó? New Description=USB½Ó¿Ú
Change Component Description : Designator=F1 Old Description=±£? New Description=±£ÏÕË¿
Change Component Description : Designator=Q1 Old Description=Ìù? New Description=ÌùÆ¬Èý¼«¹Ü
Change Component Description : Designator=R1 Old Description=Ìù? New Description=ÌùÆ¬µç×è
Change Component Description : Designator=R2 Old Description=Ìù? New Description=ÌùÆ¬µç×è
Change Component Description : Designator=R3 Old Description=Ìù? New Description=ÌùÆ¬µç×è
Change Component Description : Designator=R4 Old Description=Ìù? New Description=ÌùÆ¬µç×è
Change Component Description : Designator=R16 Old Description=Ìù? New Description=ÌùÆ¬µç×è
Change Component Description : Designator=R17 Old Description=Ìù? New Description=ÌùÆ¬µç×è
Change Component Library : Designator=D2 Old Library=Miscellaneous Devices.IntLib New Library=ST-Link-V2.2.SCHLIB
Change Component Library : Designator=D3 Old Library=Miscellaneous Devices.IntLib New Library=ST-Link-V2.2.SCHLIB
Change Component Library : Designator=Y1 Old Library=WK_PCB.IntLib New Library=*
Change Component Library : Designator=D1 Old Library=WK_PCB.SchLib New Library=ST-Link-V2.2.SCHLIB
Change Component Library : Designator=D4 Old Library=WK_PCB.SchLib New Library=ST-Link-V2.2.SCHLIB
Added Component: Designator=C9(C-0603)
Added Component: Designator=C10(C-0603)
Added Component: Designator=C11(C-0603)
Added Component: Designator=D0(SMT_LED_0603)
Added Component: Designator=J2(USB_MICRO_5S_B)
Added Component: Designator=R5(0603-1)
Added Component: Designator=R6(0603-1)
Added Component: Designator=R7(0603-1)
Added Component: Designator=R8(0603-1)
Added Component: Designator=R9(0603-1)
Added Component: Designator=R10(0603-1)
Added Component: Designator=R11(0603-1)
Added Component: Designator=R12(0603-1)
Added Component: Designator=R13(0603-1)
Added Component: Designator=R14(0603-1)
Added Component: Designator=R15(0603-1)
Added Component: Designator=R18(0603-1)
Added Component: Designator=R19(0603-1)
Added Component: Designator=R20(0603-1)
Added Component: Designator=R21(0603-1)
Added Component: Designator=R22(0603-1)
Added Component: Designator=R23(0603-1)
Added Component: Designator=R24(0603-1)
Added Component: Designator=R25(0603-1)
Added Pin To Net: NetName=LED_PWR Pin=C5-2
Added Pin To Net: NetName=OS_IN Pin=C6-2
Added Pin To Net: NetName=GND Pin=C9-1
Added Pin To Net: NetName=3.3V Pin=C9-2
Added Pin To Net: NetName=GND Pin=C10-1
Added Pin To Net: NetName=3.3V Pin=C10-2
Added Pin To Net: NetName=GND Pin=C11-1
Added Pin To Net: NetName=3.3V Pin=C11-2
Added Pin To Net: NetName=3.3V Pin=D0-1
Added Pin To Net: NetName=OS_OUT Pin=D0-2
Added Pin To Net: NetName=3.3V Pin=D1-1
Added Pin To Net: NetName=RX_LED_N Pin=D1-2
Added Pin To Net: NetName=RX_LED_P Pin=D2-2
Added Pin To Net: NetName=STA_LED Pin=D4-1
Added Pin To Net: NetName=TX_LED_P Pin=D4-2
Added Pin To Net: NetName=VBUS Pin=J2-1
Added Pin To Net: NetName=USB_N Pin=J2-2
Added Pin To Net: NetName=USB_P Pin=J2-3
Added Pin To Net: NetName=USB_N_MCU Pin=R5-1
Added Pin To Net: NetName=3.3V Pin=R5-2
Added Pin To Net: NetName=GND Pin=R6-1
Added Pin To Net: NetName=USB_N_MCU Pin=R6-2
Added Pin To Net: NetName=SWO0 Pin=R7-1
Added Pin To Net: NetName=3.3V Pin=R7-2
Added Pin To Net: NetName=LED1 Pin=R8-1
Added Pin To Net: NetName=RX_LED_N Pin=R8-2
Added Pin To Net: NetName=TX_LED_N Pin=R9-1
Added Pin To Net: NetName=STA_LED Pin=R9-2
Added Pin To Net: NetName=LED2 Pin=R10-1
Added Pin To Net: NetName=RX_LED_P Pin=R10-2
Added Pin To Net: NetName=GND Pin=R11-1
Added Pin To Net: NetName=TX_LED_P Pin=R11-2
Added Pin To Net: NetName=GND Pin=R12-1
Added Pin To Net: NetName=OS_OUT Pin=R12-2
Added Pin To Net: NetName=USB_N Pin=R13-1
Added Pin To Net: NetName=USB_P_MCU Pin=R13-2
Added Pin To Net: NetName=USB_P Pin=R14-1
Added Pin To Net: NetName=WKUP Pin=R14-2
Added Pin To Net: NetName=T_JTMS Pin=R15-1
Added Pin To Net: NetName=T_SWDIO_IN Pin=R15-2
Added Pin To Net: NetName=GND Pin=R18-1
Added Pin To Net: NetName=BOOT0 Pin=R18-2
Added Pin To Net: NetName=T_RXD Pin=R19-1
Added Pin To Net: NetName=P_RXD Pin=R19-2
Added Pin To Net: NetName=T_TXD Pin=R20-1
Added Pin To Net: NetName=P_TXD Pin=R20-2
Added Pin To Net: NetName=T_MOSI Pin=R21-1
Added Pin To Net: NetName=P_MOSI Pin=R21-2
Added Pin To Net: NetName=T_SWO Pin=R22-1
Added Pin To Net: NetName=P_SWO Pin=R22-2
Added Pin To Net: NetName=T_NRST Pin=R23-1
Added Pin To Net: NetName=P_NRST Pin=R23-2
Added Pin To Net: NetName=T_JTMS Pin=R24-1
Added Pin To Net: NetName=P_SWDIO Pin=R24-2
Added Pin To Net: NetName=T_JTCK Pin=R25-1
Added Pin To Net: NetName=P_SWCLK Pin=R25-2
Added Pin To Net: NetName=LED_PWR Pin=U2-5
Added Pin To Net: NetName=OS_IN Pin=U2-6
Added Pin To Net: NetName=USB_N_MCU Pin=U2-10
Added Pin To Net: NetName=USB_P_MCU Pin=U2-32
Added Pin To Net: NetName=WKUP Pin=U2-33
Added Pin To Net: NetName=LED1 Pin=U2-45
Added Pin To Net: NetName=LED2 Pin=U2-46
Added Pin To Net: NetName=LED_PWR Pin=Y1-1
Change Net Name : Old Net Name=LED1 New Net Name=TX_LED
Change Net Name : Old Net Name=LED2 New Net Name=RX_LED
Change Net Name : Old Net Name=LED_PWR New Net Name=NetC5_2
Change Net Name : Old Net Name=OS_IN New Net Name=NetC6_2
Change Net Name : Old Net Name=OS_OUT New Net Name=NetD0_2
Change Net Name : Old Net Name=RX_LED_N New Net Name=NetD1_2
Change Net Name : Old Net Name=RX_LED_P New Net Name=NetD2_2
Change Net Name : Old Net Name=TX_LED_N New Net Name=NetD3_2
Change Net Name : Old Net Name=TX_LED_P New Net Name=NetD4_2
Change Net Name : Old Net Name=USB_N_MCU New Net Name=NetR5_1
Change Net Name : Old Net Name=USB_P_MCU New Net Name=NetR13_2
Change Net Name : Old Net Name=WKUP New Net Name=NetR14_2
Added Member To Class: ClassName=ST-Link-V2.2 Member=Component C9 Cap
Added Member To Class: ClassName=ST-Link-V2.2 Member=Component C10 Cap
Added Member To Class: ClassName=ST-Link-V2.2 Member=Component C11 Cap
Added Member To Class: ClassName=ST-Link-V2.2 Member=Component D0 PWR
Added Member To Class: ClassName=ST-Link-V2.2 Member=Component J2 USB_M
Added Member To Class: ClassName=ST-Link-V2.2 Member=Component R5 Res2
Added Member To Class: ClassName=ST-Link-V2.2 Member=Component R6 Res2
Added Member To Class: ClassName=ST-Link-V2.2 Member=Component R7 Res2
Added Member To Class: ClassName=ST-Link-V2.2 Member=Component R8 Res2
Added Member To Class: ClassName=ST-Link-V2.2 Member=Component R9 Res2
Added Member To Class: ClassName=ST-Link-V2.2 Member=Component R10 Res2
Added Member To Class: ClassName=ST-Link-V2.2 Member=Component R11 Res2
Added Member To Class: ClassName=ST-Link-V2.2 Member=Component R12 Res2
Added Member To Class: ClassName=ST-Link-V2.2 Member=Component R13 Res2
Added Member To Class: ClassName=ST-Link-V2.2 Member=Component R14 Res2
Added Member To Class: ClassName=ST-Link-V2.2 Member=Component R15 Res2
Added Member To Class: ClassName=ST-Link-V2.2 Member=Component R18 Res2
Added Member To Class: ClassName=ST-Link-V2.2 Member=Component R19 Res2
Added Member To Class: ClassName=ST-Link-V2.2 Member=Component R20 Res2
Added Member To Class: ClassName=ST-Link-V2.2 Member=Component R21 Res2
Added Member To Class: ClassName=ST-Link-V2.2 Member=Component R22 Res2
Added Member To Class: ClassName=ST-Link-V2.2 Member=Component R23 Res2
Added Member To Class: ClassName=ST-Link-V2.2 Member=Component R24 Res2
Added Member To Class: ClassName=ST-Link-V2.2 Member=Component R25 Res2
Added Room: Name=ST-Link-V2.2
