Removed Pin From Net: NetName=SWO0 Pin=P1-4
Removed Pin From Net: NetName=GND Pin=P1-5
Change Component DesignItemId : Designator=P1 Old DesignItemId=Header 5 New DesignItemId=Header 4
Change Component Footprint: Designator=P1 Old Footprint=SIP5-1.27 New Footprint=HDR1X4
Change Component Description : Designator=J1 Old Description=USB½Ó? New Description=USB½Ó¿Ú
Change Component Description : Designator=F1 Old Description=±£ÏÕ New Description=±£ÏÕË¿
Change Component Description : Designator=R1 Old Description=ÌùÆ¬? New Description=ÌùÆ¬µç×è
Change Component Description : Designator=R2 Old Description=ÌùÆ¬? New Description=ÌùÆ¬µç×è
Change Component Description : Designator=R3 Old Description=ÌùÆ¬? New Description=ÌùÆ¬µç×è
Change Component Description : Designator=R4 Old Description=ÌùÆ¬? New Description=ÌùÆ¬µç×è
Change Component Description : Designator=R16 Old Description=ÌùÆ¬? New Description=ÌùÆ¬µç×è
Change Component Description : Designator=R17 Old Description=ÌùÆ¬? New Description=ÌùÆ¬µç×è
Change Component Description : Designator=Q1 Old Description=ÌùÆ¬Èı New Description=ÌùÆ¬Èı¼«¹Ü
Added Component: Designator=J2(USB_MICRO_5S_B)
Added Pin To Net: NetName=VBUS Pin=J2-1
Added Pin To Net: NetName=USB_N Pin=J2-2
Added Pin To Net: NetName=USB_P Pin=J2-3
Added Pin To Net: NetName=GND Pin=P1-4
Added Member To Class: ClassName=ST-Link-V2.2 Member=Component J2 USB_M
Added Room: Name=ST-Link-V2.2
